mode: set
github.com/priscila-albertini-da-silva/item-detail-ml/internal/handler/health_handler.go:15.34,17.2 1 0
github.com/priscila-albertini-da-silva/item-detail-ml/internal/handler/product_handler.go:15.79,17.2 1 0
github.com/priscila-albertini-da-silva/item-detail-ml/internal/handler/product_handler.go:29.66,31.14 2 0
github.com/priscila-albertini-da-silva/item-detail-ml/internal/handler/product_handler.go:31.14,34.3 2 0
github.com/priscila-albertini-da-silva/item-detail-ml/internal/handler/product_handler.go:36.2,37.16 2 0
github.com/priscila-albertini-da-silva/item-detail-ml/internal/handler/product_handler.go:37.16,40.3 2 0
github.com/priscila-albertini-da-silva/item-detail-ml/internal/handler/product_handler.go:42.2,42.27 1 0
github.com/priscila-albertini-da-silva/item-detail-ml/internal/handler/product_handler.go:42.27,45.3 2 0
github.com/priscila-albertini-da-silva/item-detail-ml/internal/handler/product_handler.go:47.2,47.57 1 0
github.com/priscila-albertini-da-silva/item-detail-ml/cmd/main.go:22.13,26.37 3 0
github.com/priscila-albertini-da-silva/item-detail-ml/cmd/main.go:26.37,28.3 1 0
github.com/priscila-albertini-da-silva/item-detail-ml/cmd/main.go:29.2,40.19 10 0
github.com/priscila-albertini-da-silva/item-detail-ml/internal/handler/routes/routes.go:11.82,15.2 3 0
github.com/priscila-albertini-da-silva/item-detail-ml/internal/usecase/payment_method_usecase.go:17.93,19.2 1 0
github.com/priscila-albertini-da-silva/item-detail-ml/internal/usecase/payment_method_usecase.go:21.74,25.16 3 0
github.com/priscila-albertini-da-silva/item-detail-ml/internal/usecase/payment_method_usecase.go:25.16,28.3 2 0
github.com/priscila-albertini-da-silva/item-detail-ml/internal/usecase/payment_method_usecase.go:30.2,30.30 1 0
github.com/priscila-albertini-da-silva/item-detail-ml/internal/usecase/payment_method_usecase.go:30.30,33.3 2 0
github.com/priscila-albertini-da-silva/item-detail-ml/internal/usecase/payment_method_usecase.go:34.2,35.28 2 0
github.com/priscila-albertini-da-silva/item-detail-ml/internal/usecase/product_detail_usecase.go:22.180,24.2 1 0
github.com/priscila-albertini-da-silva/item-detail-ml/internal/usecase/product_detail_usecase.go:26.114,30.16 3 0
github.com/priscila-albertini-da-silva/item-detail-ml/internal/usecase/product_detail_usecase.go:30.16,33.3 2 0
github.com/priscila-albertini-da-silva/item-detail-ml/internal/usecase/product_detail_usecase.go:34.2,34.20 1 0
github.com/priscila-albertini-da-silva/item-detail-ml/internal/usecase/product_detail_usecase.go:34.20,37.3 2 0
github.com/priscila-albertini-da-silva/item-detail-ml/internal/usecase/product_detail_usecase.go:39.2,40.16 2 0
github.com/priscila-albertini-da-silva/item-detail-ml/internal/usecase/product_detail_usecase.go:40.16,42.3 1 0
github.com/priscila-albertini-da-silva/item-detail-ml/internal/usecase/product_detail_usecase.go:44.2,45.96 2 0
github.com/priscila-albertini-da-silva/item-detail-ml/internal/usecase/product_detail_usecase.go:48.99,52.16 3 0
github.com/priscila-albertini-da-silva/item-detail-ml/internal/usecase/product_detail_usecase.go:52.16,55.3 2 0
github.com/priscila-albertini-da-silva/item-detail-ml/internal/usecase/product_detail_usecase.go:56.2,56.24 1 0
github.com/priscila-albertini-da-silva/item-detail-ml/internal/usecase/product_detail_usecase.go:56.24,59.3 2 0
github.com/priscila-albertini-da-silva/item-detail-ml/internal/usecase/product_detail_usecase.go:60.2,60.29 1 0
github.com/priscila-albertini-da-silva/item-detail-ml/internal/usecase/product_detail_usecase.go:60.29,61.39 1 0
github.com/priscila-albertini-da-silva/item-detail-ml/internal/usecase/product_detail_usecase.go:61.39,64.4 2 0
github.com/priscila-albertini-da-silva/item-detail-ml/internal/usecase/product_detail_usecase.go:67.2,68.17 2 0
github.com/priscila-albertini-da-silva/item-detail-ml/pkg/file_opener.go:14.62,16.2 1 0
github.com/priscila-albertini-da-silva/item-detail-ml/internal/factory/product_detail_factory.go:14.69,16.2 1 0
github.com/priscila-albertini-da-silva/item-detail-ml/internal/factory/product_detail_factory.go:18.145,33.61 1 0
github.com/priscila-albertini-da-silva/item-detail-ml/internal/factory/product_detail_factory.go:33.61,34.49 1 0
github.com/priscila-albertini-da-silva/item-detail-ml/internal/factory/product_detail_factory.go:34.49,36.6 1 0
github.com/priscila-albertini-da-silva/item-detail-ml/internal/factory/product_detail_factory.go:37.5,40.6 1 0
github.com/priscila-albertini-da-silva/item-detail-ml/internal/factory/product_detail_factory.go:43.52,44.27 1 0
github.com/priscila-albertini-da-silva/item-detail-ml/internal/factory/product_detail_factory.go:44.27,46.5 1 0
github.com/priscila-albertini-da-silva/item-detail-ml/internal/factory/product_detail_factory.go:47.4,48.32 2 0
github.com/priscila-albertini-da-silva/item-detail-ml/internal/factory/product_detail_factory.go:48.32,55.5 1 0
github.com/priscila-albertini-da-silva/item-detail-ml/internal/factory/product_detail_factory.go:56.4,56.18 1 0
github.com/priscila-albertini-da-silva/item-detail-ml/internal/factory/product_detail_factory.go:58.50,59.26 1 0
github.com/priscila-albertini-da-silva/item-detail-ml/internal/factory/product_detail_factory.go:59.26,61.5 1 0
github.com/priscila-albertini-da-silva/item-detail-ml/internal/factory/product_detail_factory.go:62.4,63.31 2 0
github.com/priscila-albertini-da-silva/item-detail-ml/internal/factory/product_detail_factory.go:63.31,69.5 1 0
github.com/priscila-albertini-da-silva/item-detail-ml/internal/factory/product_detail_factory.go:70.4,70.17 1 0
github.com/priscila-albertini-da-silva/item-detail-ml/internal/factory/product_detail_factory.go:72.58,73.30 1 0
github.com/priscila-albertini-da-silva/item-detail-ml/internal/factory/product_detail_factory.go:73.30,75.5 1 0
github.com/priscila-albertini-da-silva/item-detail-ml/internal/factory/product_detail_factory.go:76.4,77.39 2 0
github.com/priscila-albertini-da-silva/item-detail-ml/internal/factory/product_detail_factory.go:77.39,86.5 1 0
github.com/priscila-albertini-da-silva/item-detail-ml/internal/factory/product_detail_factory.go:87.4,87.21 1 0
github.com/priscila-albertini-da-silva/item-detail-ml/internal/factory/product_detail_factory.go:89.62,90.43 1 0
github.com/priscila-albertini-da-silva/item-detail-ml/internal/factory/product_detail_factory.go:90.43,92.5 1 0
github.com/priscila-albertini-da-silva/item-detail-ml/internal/factory/product_detail_factory.go:93.4,94.49 2 0
github.com/priscila-albertini-da-silva/item-detail-ml/internal/factory/product_detail_factory.go:94.49,102.5 1 0
github.com/priscila-albertini-da-silva/item-detail-ml/internal/factory/product_detail_factory.go:103.4,103.18 1 0
github.com/priscila-albertini-da-silva/item-detail-ml/internal/factory/product_detail_factory.go:111.59,112.20 1 0
github.com/priscila-albertini-da-silva/item-detail-ml/internal/factory/product_detail_factory.go:112.20,114.5 1 0
github.com/priscila-albertini-da-silva/item-detail-ml/internal/factory/product_detail_factory.go:115.4,116.30 2 0
github.com/priscila-albertini-da-silva/item-detail-ml/internal/factory/product_detail_factory.go:116.30,122.5 1 0
github.com/priscila-albertini-da-silva/item-detail-ml/internal/factory/product_detail_factory.go:123.4,123.25 1 0
github.com/priscila-albertini-da-silva/item-detail-ml/docs/docs.go:309.13,311.2 1 0
github.com/priscila-albertini-da-silva/item-detail-ml/internal/repository/payment_method_repository.go:22.74,24.2 1 0
github.com/priscila-albertini-da-silva/item-detail-ml/internal/repository/payment_method_repository.go:26.107,31.2 1 0
github.com/priscila-albertini-da-silva/item-detail-ml/internal/repository/payment_method_repository.go:33.76,36.16 3 0
github.com/priscila-albertini-da-silva/item-detail-ml/internal/repository/payment_method_repository.go:36.16,39.3 2 0
github.com/priscila-albertini-da-silva/item-detail-ml/internal/repository/payment_method_repository.go:40.2,43.16 3 0
github.com/priscila-albertini-da-silva/item-detail-ml/internal/repository/payment_method_repository.go:43.16,46.3 2 0
github.com/priscila-albertini-da-silva/item-detail-ml/internal/repository/payment_method_repository.go:48.2,49.63 2 0
github.com/priscila-albertini-da-silva/item-detail-ml/internal/repository/payment_method_repository.go:49.63,52.3 2 0
github.com/priscila-albertini-da-silva/item-detail-ml/internal/repository/payment_method_repository.go:53.2,53.28 1 0
github.com/priscila-albertini-da-silva/item-detail-ml/internal/repository/product_item_repository.go:22.66,27.2 1 0
github.com/priscila-albertini-da-silva/item-detail-ml/internal/repository/product_item_repository.go:29.99,34.2 1 0
github.com/priscila-albertini-da-silva/item-detail-ml/internal/repository/product_item_repository.go:36.72,39.16 3 0
github.com/priscila-albertini-da-silva/item-detail-ml/internal/repository/product_item_repository.go:39.16,42.3 2 0
github.com/priscila-albertini-da-silva/item-detail-ml/internal/repository/product_item_repository.go:43.2,46.16 3 0
github.com/priscila-albertini-da-silva/item-detail-ml/internal/repository/product_item_repository.go:46.16,49.3 2 0
github.com/priscila-albertini-da-silva/item-detail-ml/internal/repository/product_item_repository.go:51.2,52.57 2 0
github.com/priscila-albertini-da-silva/item-detail-ml/internal/repository/product_item_repository.go:52.57,55.3 2 0
github.com/priscila-albertini-da-silva/item-detail-ml/internal/repository/product_item_repository.go:56.2,56.22 1 0
github.com/priscila-albertini-da-silva/item-detail-ml/test/mocks/ItemProductResponseFactory.go:18.146,21.19 2 0
github.com/priscila-albertini-da-silva/item-detail-ml/test/mocks/ItemProductResponseFactory.go:21.19,22.65 1 0
github.com/priscila-albertini-da-silva/item-detail-ml/test/mocks/ItemProductResponseFactory.go:25.2,26.113 2 0
github.com/priscila-albertini-da-silva/item-detail-ml/test/mocks/ItemProductResponseFactory.go:26.113,28.3 1 0
github.com/priscila-albertini-da-silva/item-detail-ml/test/mocks/ItemProductResponseFactory.go:28.8,29.24 1 0
github.com/priscila-albertini-da-silva/item-detail-ml/test/mocks/ItemProductResponseFactory.go:29.24,31.4 1 0
github.com/priscila-albertini-da-silva/item-detail-ml/test/mocks/ItemProductResponseFactory.go:34.2,34.11 1 0
github.com/priscila-albertini-da-silva/item-detail-ml/test/mocks/ItemProductResponseFactory.go:42.34,46.19 3 0
github.com/priscila-albertini-da-silva/item-detail-ml/test/mocks/ItemProductResponseFactory.go:46.19,46.49 1 0
github.com/priscila-albertini-da-silva/item-detail-ml/test/mocks/ItemProductResponseFactory.go:48.2,48.13 1 0
github.com/priscila-albertini-da-silva/item-detail-ml/test/mocks/PaymentMethodRepository.go:16.77,19.19 2 0
github.com/priscila-albertini-da-silva/item-detail-ml/test/mocks/PaymentMethodRepository.go:19.19,20.48 1 0
github.com/priscila-albertini-da-silva/item-detail-ml/test/mocks/PaymentMethodRepository.go:23.2,25.71 3 0
github.com/priscila-albertini-da-silva/item-detail-ml/test/mocks/PaymentMethodRepository.go:25.71,27.3 1 0
github.com/priscila-albertini-da-silva/item-detail-ml/test/mocks/PaymentMethodRepository.go:28.2,28.62 1 0
github.com/priscila-albertini-da-silva/item-detail-ml/test/mocks/PaymentMethodRepository.go:28.62,30.3 1 0
github.com/priscila-albertini-da-silva/item-detail-ml/test/mocks/PaymentMethodRepository.go:30.8,31.24 1 0
github.com/priscila-albertini-da-silva/item-detail-ml/test/mocks/PaymentMethodRepository.go:31.24,33.4 1 0
github.com/priscila-albertini-da-silva/item-detail-ml/test/mocks/PaymentMethodRepository.go:36.2,36.45 1 0
github.com/priscila-albertini-da-silva/item-detail-ml/test/mocks/PaymentMethodRepository.go:36.45,38.3 1 0
github.com/priscila-albertini-da-silva/item-detail-ml/test/mocks/PaymentMethodRepository.go:38.8,40.3 1 0
github.com/priscila-albertini-da-silva/item-detail-ml/test/mocks/PaymentMethodRepository.go:42.2,42.15 1 0
github.com/priscila-albertini-da-silva/item-detail-ml/test/mocks/PaymentMethodRepository.go:50.29,54.19 3 0
github.com/priscila-albertini-da-silva/item-detail-ml/test/mocks/PaymentMethodRepository.go:54.19,54.49 1 0
github.com/priscila-albertini-da-silva/item-detail-ml/test/mocks/PaymentMethodRepository.go:56.2,56.13 1 0
github.com/priscila-albertini-da-silva/item-detail-ml/test/mocks/PaymentMethodUseCase.go:16.74,19.19 2 0
github.com/priscila-albertini-da-silva/item-detail-ml/test/mocks/PaymentMethodUseCase.go:19.19,20.48 1 0
github.com/priscila-albertini-da-silva/item-detail-ml/test/mocks/PaymentMethodUseCase.go:23.2,25.71 3 0
github.com/priscila-albertini-da-silva/item-detail-ml/test/mocks/PaymentMethodUseCase.go:25.71,27.3 1 0
github.com/priscila-albertini-da-silva/item-detail-ml/test/mocks/PaymentMethodUseCase.go:28.2,28.62 1 0
github.com/priscila-albertini-da-silva/item-detail-ml/test/mocks/PaymentMethodUseCase.go:28.62,30.3 1 0
github.com/priscila-albertini-da-silva/item-detail-ml/test/mocks/PaymentMethodUseCase.go:30.8,31.24 1 0
github.com/priscila-albertini-da-silva/item-detail-ml/test/mocks/PaymentMethodUseCase.go:31.24,33.4 1 0
github.com/priscila-albertini-da-silva/item-detail-ml/test/mocks/PaymentMethodUseCase.go:36.2,36.45 1 0
github.com/priscila-albertini-da-silva/item-detail-ml/test/mocks/PaymentMethodUseCase.go:36.45,38.3 1 0
github.com/priscila-albertini-da-silva/item-detail-ml/test/mocks/PaymentMethodUseCase.go:38.8,40.3 1 0
github.com/priscila-albertini-da-silva/item-detail-ml/test/mocks/PaymentMethodUseCase.go:42.2,42.15 1 0
github.com/priscila-albertini-da-silva/item-detail-ml/test/mocks/PaymentMethodUseCase.go:50.26,54.19 3 0
github.com/priscila-albertini-da-silva/item-detail-ml/test/mocks/PaymentMethodUseCase.go:54.19,54.49 1 0
github.com/priscila-albertini-da-silva/item-detail-ml/test/mocks/PaymentMethodUseCase.go:56.2,56.13 1 0
github.com/priscila-albertini-da-silva/item-detail-ml/test/mocks/ProductRepository.go:16.69,19.19 2 0
github.com/priscila-albertini-da-silva/item-detail-ml/test/mocks/ProductRepository.go:19.19,20.48 1 0
github.com/priscila-albertini-da-silva/item-detail-ml/test/mocks/ProductRepository.go:23.2,25.69 3 0
github.com/priscila-albertini-da-silva/item-detail-ml/test/mocks/ProductRepository.go:25.69,27.3 1 0
github.com/priscila-albertini-da-silva/item-detail-ml/test/mocks/ProductRepository.go:28.2,28.60 1 0
github.com/priscila-albertini-da-silva/item-detail-ml/test/mocks/ProductRepository.go:28.60,30.3 1 0
github.com/priscila-albertini-da-silva/item-detail-ml/test/mocks/ProductRepository.go:30.8,31.24 1 0
github.com/priscila-albertini-da-silva/item-detail-ml/test/mocks/ProductRepository.go:31.24,33.4 1 0
github.com/priscila-albertini-da-silva/item-detail-ml/test/mocks/ProductRepository.go:36.2,36.45 1 0
github.com/priscila-albertini-da-silva/item-detail-ml/test/mocks/ProductRepository.go:36.45,38.3 1 0
github.com/priscila-albertini-da-silva/item-detail-ml/test/mocks/ProductRepository.go:38.8,40.3 1 0
github.com/priscila-albertini-da-silva/item-detail-ml/test/mocks/ProductRepository.go:42.2,42.15 1 0
github.com/priscila-albertini-da-silva/item-detail-ml/test/mocks/ProductRepository.go:50.23,54.19 3 0
github.com/priscila-albertini-da-silva/item-detail-ml/test/mocks/ProductRepository.go:54.19,54.49 1 0
github.com/priscila-albertini-da-silva/item-detail-ml/test/mocks/ProductRepository.go:56.2,56.13 1 0
github.com/priscila-albertini-da-silva/item-detail-ml/test/mocks/ProductUseCase.go:18.72,21.19 2 0
github.com/priscila-albertini-da-silva/item-detail-ml/test/mocks/ProductUseCase.go:21.19,22.48 1 0
github.com/priscila-albertini-da-silva/item-detail-ml/test/mocks/ProductUseCase.go:25.2,27.69 3 0
github.com/priscila-albertini-da-silva/item-detail-ml/test/mocks/ProductUseCase.go:27.69,29.3 1 0
github.com/priscila-albertini-da-silva/item-detail-ml/test/mocks/ProductUseCase.go:30.2,30.60 1 0
github.com/priscila-albertini-da-silva/item-detail-ml/test/mocks/ProductUseCase.go:30.60,32.3 1 0
github.com/priscila-albertini-da-silva/item-detail-ml/test/mocks/ProductUseCase.go:32.8,33.24 1 0
github.com/priscila-albertini-da-silva/item-detail-ml/test/mocks/ProductUseCase.go:33.24,35.4 1 0
github.com/priscila-albertini-da-silva/item-detail-ml/test/mocks/ProductUseCase.go:38.2,38.45 1 0
github.com/priscila-albertini-da-silva/item-detail-ml/test/mocks/ProductUseCase.go:38.45,40.3 1 0
github.com/priscila-albertini-da-silva/item-detail-ml/test/mocks/ProductUseCase.go:40.8,42.3 1 0
github.com/priscila-albertini-da-silva/item-detail-ml/test/mocks/ProductUseCase.go:44.2,44.15 1 0
github.com/priscila-albertini-da-silva/item-detail-ml/test/mocks/ProductUseCase.go:48.95,51.19 2 0
github.com/priscila-albertini-da-silva/item-detail-ml/test/mocks/ProductUseCase.go:51.19,52.56 1 0
github.com/priscila-albertini-da-silva/item-detail-ml/test/mocks/ProductUseCase.go:55.2,57.74 3 0
github.com/priscila-albertini-da-silva/item-detail-ml/test/mocks/ProductUseCase.go:57.74,59.3 1 0
github.com/priscila-albertini-da-silva/item-detail-ml/test/mocks/ProductUseCase.go:60.2,60.65 1 0
github.com/priscila-albertini-da-silva/item-detail-ml/test/mocks/ProductUseCase.go:60.65,62.3 1 0
github.com/priscila-albertini-da-silva/item-detail-ml/test/mocks/ProductUseCase.go:62.8,63.24 1 0
github.com/priscila-albertini-da-silva/item-detail-ml/test/mocks/ProductUseCase.go:63.24,65.4 1 0
github.com/priscila-albertini-da-silva/item-detail-ml/test/mocks/ProductUseCase.go:68.2,68.51 1 0
github.com/priscila-albertini-da-silva/item-detail-ml/test/mocks/ProductUseCase.go:68.51,70.3 1 0
github.com/priscila-albertini-da-silva/item-detail-ml/test/mocks/ProductUseCase.go:70.8,72.3 1 0
github.com/priscila-albertini-da-silva/item-detail-ml/test/mocks/ProductUseCase.go:74.2,74.15 1 0
github.com/priscila-albertini-da-silva/item-detail-ml/test/mocks/ProductUseCase.go:78.110,81.19 2 0
github.com/priscila-albertini-da-silva/item-detail-ml/test/mocks/ProductUseCase.go:81.19,82.59 1 0
github.com/priscila-albertini-da-silva/item-detail-ml/test/mocks/ProductUseCase.go:85.2,87.86 3 0
github.com/priscila-albertini-da-silva/item-detail-ml/test/mocks/ProductUseCase.go:87.86,89.3 1 0
github.com/priscila-albertini-da-silva/item-detail-ml/test/mocks/ProductUseCase.go:90.2,90.77 1 0
github.com/priscila-albertini-da-silva/item-detail-ml/test/mocks/ProductUseCase.go:90.77,92.3 1 0
github.com/priscila-albertini-da-silva/item-detail-ml/test/mocks/ProductUseCase.go:92.8,93.24 1 0
github.com/priscila-albertini-da-silva/item-detail-ml/test/mocks/ProductUseCase.go:93.24,95.4 1 0
github.com/priscila-albertini-da-silva/item-detail-ml/test/mocks/ProductUseCase.go:98.2,98.51 1 0
github.com/priscila-albertini-da-silva/item-detail-ml/test/mocks/ProductUseCase.go:98.51,100.3 1 0
github.com/priscila-albertini-da-silva/item-detail-ml/test/mocks/ProductUseCase.go:100.8,102.3 1 0
github.com/priscila-albertini-da-silva/item-detail-ml/test/mocks/ProductUseCase.go:104.2,104.15 1 0
github.com/priscila-albertini-da-silva/item-detail-ml/test/mocks/ProductUseCase.go:112.26,116.19 3 0
github.com/priscila-albertini-da-silva/item-detail-ml/test/mocks/ProductUseCase.go:116.19,116.49 1 0
github.com/priscila-albertini-da-silva/item-detail-ml/test/mocks/ProductUseCase.go:118.2,118.13 1 0
github.com/priscila-albertini-da-silva/item-detail-ml/internal/factory/product_detail_factory.go:14.69,16.2 1 1
github.com/priscila-albertini-da-silva/item-detail-ml/internal/factory/product_detail_factory.go:18.145,33.61 1 1
github.com/priscila-albertini-da-silva/item-detail-ml/internal/factory/product_detail_factory.go:33.61,34.49 1 1
github.com/priscila-albertini-da-silva/item-detail-ml/internal/factory/product_detail_factory.go:34.49,36.6 1 1
github.com/priscila-albertini-da-silva/item-detail-ml/internal/factory/product_detail_factory.go:37.5,40.6 1 1
github.com/priscila-albertini-da-silva/item-detail-ml/internal/factory/product_detail_factory.go:43.52,44.27 1 1
github.com/priscila-albertini-da-silva/item-detail-ml/internal/factory/product_detail_factory.go:44.27,46.5 1 1
github.com/priscila-albertini-da-silva/item-detail-ml/internal/factory/product_detail_factory.go:47.4,48.32 2 1
github.com/priscila-albertini-da-silva/item-detail-ml/internal/factory/product_detail_factory.go:48.32,55.5 1 1
github.com/priscila-albertini-da-silva/item-detail-ml/internal/factory/product_detail_factory.go:56.4,56.18 1 1
github.com/priscila-albertini-da-silva/item-detail-ml/internal/factory/product_detail_factory.go:58.50,59.26 1 1
github.com/priscila-albertini-da-silva/item-detail-ml/internal/factory/product_detail_factory.go:59.26,61.5 1 1
github.com/priscila-albertini-da-silva/item-detail-ml/internal/factory/product_detail_factory.go:62.4,63.31 2 1
github.com/priscila-albertini-da-silva/item-detail-ml/internal/factory/product_detail_factory.go:63.31,69.5 1 1
github.com/priscila-albertini-da-silva/item-detail-ml/internal/factory/product_detail_factory.go:70.4,70.17 1 1
github.com/priscila-albertini-da-silva/item-detail-ml/internal/factory/product_detail_factory.go:72.58,73.30 1 1
github.com/priscila-albertini-da-silva/item-detail-ml/internal/factory/product_detail_factory.go:73.30,75.5 1 1
github.com/priscila-albertini-da-silva/item-detail-ml/internal/factory/product_detail_factory.go:76.4,77.39 2 1
github.com/priscila-albertini-da-silva/item-detail-ml/internal/factory/product_detail_factory.go:77.39,86.5 1 1
github.com/priscila-albertini-da-silva/item-detail-ml/internal/factory/product_detail_factory.go:87.4,87.21 1 1
github.com/priscila-albertini-da-silva/item-detail-ml/internal/factory/product_detail_factory.go:89.62,90.43 1 1
github.com/priscila-albertini-da-silva/item-detail-ml/internal/factory/product_detail_factory.go:90.43,92.5 1 1
github.com/priscila-albertini-da-silva/item-detail-ml/internal/factory/product_detail_factory.go:93.4,94.49 2 1
github.com/priscila-albertini-da-silva/item-detail-ml/internal/factory/product_detail_factory.go:94.49,102.5 1 1
github.com/priscila-albertini-da-silva/item-detail-ml/internal/factory/product_detail_factory.go:103.4,103.18 1 1
github.com/priscila-albertini-da-silva/item-detail-ml/internal/factory/product_detail_factory.go:111.59,112.20 1 1
github.com/priscila-albertini-da-silva/item-detail-ml/internal/factory/product_detail_factory.go:112.20,114.5 1 1
github.com/priscila-albertini-da-silva/item-detail-ml/internal/factory/product_detail_factory.go:115.4,116.30 2 1
github.com/priscila-albertini-da-silva/item-detail-ml/internal/factory/product_detail_factory.go:116.30,122.5 1 1
github.com/priscila-albertini-da-silva/item-detail-ml/internal/factory/product_detail_factory.go:123.4,123.25 1 1
github.com/priscila-albertini-da-silva/item-detail-ml/internal/factory/product_detail_factory.go:14.69,16.2 1 0
github.com/priscila-albertini-da-silva/item-detail-ml/internal/factory/product_detail_factory.go:18.145,33.61 1 0
github.com/priscila-albertini-da-silva/item-detail-ml/internal/factory/product_detail_factory.go:33.61,34.49 1 0
github.com/priscila-albertini-da-silva/item-detail-ml/internal/factory/product_detail_factory.go:34.49,36.6 1 0
github.com/priscila-albertini-da-silva/item-detail-ml/internal/factory/product_detail_factory.go:37.5,40.6 1 0
github.com/priscila-albertini-da-silva/item-detail-ml/internal/factory/product_detail_factory.go:43.52,44.27 1 0
github.com/priscila-albertini-da-silva/item-detail-ml/internal/factory/product_detail_factory.go:44.27,46.5 1 0
github.com/priscila-albertini-da-silva/item-detail-ml/internal/factory/product_detail_factory.go:47.4,48.32 2 0
github.com/priscila-albertini-da-silva/item-detail-ml/internal/factory/product_detail_factory.go:48.32,55.5 1 0
github.com/priscila-albertini-da-silva/item-detail-ml/internal/factory/product_detail_factory.go:56.4,56.18 1 0
github.com/priscila-albertini-da-silva/item-detail-ml/internal/factory/product_detail_factory.go:58.50,59.26 1 0
github.com/priscila-albertini-da-silva/item-detail-ml/internal/factory/product_detail_factory.go:59.26,61.5 1 0
github.com/priscila-albertini-da-silva/item-detail-ml/internal/factory/product_detail_factory.go:62.4,63.31 2 0
github.com/priscila-albertini-da-silva/item-detail-ml/internal/factory/product_detail_factory.go:63.31,69.5 1 0
github.com/priscila-albertini-da-silva/item-detail-ml/internal/factory/product_detail_factory.go:70.4,70.17 1 0
github.com/priscila-albertini-da-silva/item-detail-ml/internal/factory/product_detail_factory.go:72.58,73.30 1 0
github.com/priscila-albertini-da-silva/item-detail-ml/internal/factory/product_detail_factory.go:73.30,75.5 1 0
github.com/priscila-albertini-da-silva/item-detail-ml/internal/factory/product_detail_factory.go:76.4,77.39 2 0
github.com/priscila-albertini-da-silva/item-detail-ml/internal/factory/product_detail_factory.go:77.39,86.5 1 0
github.com/priscila-albertini-da-silva/item-detail-ml/internal/factory/product_detail_factory.go:87.4,87.21 1 0
github.com/priscila-albertini-da-silva/item-detail-ml/internal/factory/product_detail_factory.go:89.62,90.43 1 0
github.com/priscila-albertini-da-silva/item-detail-ml/internal/factory/product_detail_factory.go:90.43,92.5 1 0
github.com/priscila-albertini-da-silva/item-detail-ml/internal/factory/product_detail_factory.go:93.4,94.49 2 0
github.com/priscila-albertini-da-silva/item-detail-ml/internal/factory/product_detail_factory.go:94.49,102.5 1 0
github.com/priscila-albertini-da-silva/item-detail-ml/internal/factory/product_detail_factory.go:103.4,103.18 1 0
github.com/priscila-albertini-da-silva/item-detail-ml/internal/factory/product_detail_factory.go:111.59,112.20 1 0
github.com/priscila-albertini-da-silva/item-detail-ml/internal/factory/product_detail_factory.go:112.20,114.5 1 0
github.com/priscila-albertini-da-silva/item-detail-ml/internal/factory/product_detail_factory.go:115.4,116.30 2 0
github.com/priscila-albertini-da-silva/item-detail-ml/internal/factory/product_detail_factory.go:116.30,122.5 1 0
github.com/priscila-albertini-da-silva/item-detail-ml/internal/factory/product_detail_factory.go:123.4,123.25 1 0
github.com/priscila-albertini-da-silva/item-detail-ml/internal/repository/payment_method_repository.go:22.74,24.2 1 0
github.com/priscila-albertini-da-silva/item-detail-ml/internal/repository/payment_method_repository.go:26.107,31.2 1 0
github.com/priscila-albertini-da-silva/item-detail-ml/internal/repository/payment_method_repository.go:33.76,36.16 3 0
github.com/priscila-albertini-da-silva/item-detail-ml/internal/repository/payment_method_repository.go:36.16,39.3 2 0
github.com/priscila-albertini-da-silva/item-detail-ml/internal/repository/payment_method_repository.go:40.2,43.16 3 0
github.com/priscila-albertini-da-silva/item-detail-ml/internal/repository/payment_method_repository.go:43.16,46.3 2 0
github.com/priscila-albertini-da-silva/item-detail-ml/internal/repository/payment_method_repository.go:48.2,49.63 2 0
github.com/priscila-albertini-da-silva/item-detail-ml/internal/repository/payment_method_repository.go:49.63,52.3 2 0
github.com/priscila-albertini-da-silva/item-detail-ml/internal/repository/payment_method_repository.go:53.2,53.28 1 0
github.com/priscila-albertini-da-silva/item-detail-ml/internal/repository/product_item_repository.go:22.66,27.2 1 0
github.com/priscila-albertini-da-silva/item-detail-ml/internal/repository/product_item_repository.go:29.99,34.2 1 0
github.com/priscila-albertini-da-silva/item-detail-ml/internal/repository/product_item_repository.go:36.72,39.16 3 0
github.com/priscila-albertini-da-silva/item-detail-ml/internal/repository/product_item_repository.go:39.16,42.3 2 0
github.com/priscila-albertini-da-silva/item-detail-ml/internal/repository/product_item_repository.go:43.2,46.16 3 0
github.com/priscila-albertini-da-silva/item-detail-ml/internal/repository/product_item_repository.go:46.16,49.3 2 0
github.com/priscila-albertini-da-silva/item-detail-ml/internal/repository/product_item_repository.go:51.2,52.57 2 0
github.com/priscila-albertini-da-silva/item-detail-ml/internal/repository/product_item_repository.go:52.57,55.3 2 0
github.com/priscila-albertini-da-silva/item-detail-ml/internal/repository/product_item_repository.go:56.2,56.22 1 0
github.com/priscila-albertini-da-silva/item-detail-ml/internal/usecase/payment_method_usecase.go:17.93,19.2 1 1
github.com/priscila-albertini-da-silva/item-detail-ml/internal/usecase/payment_method_usecase.go:21.74,25.16 3 1
github.com/priscila-albertini-da-silva/item-detail-ml/internal/usecase/payment_method_usecase.go:25.16,28.3 2 1
github.com/priscila-albertini-da-silva/item-detail-ml/internal/usecase/payment_method_usecase.go:30.2,30.30 1 1
github.com/priscila-albertini-da-silva/item-detail-ml/internal/usecase/payment_method_usecase.go:30.30,33.3 2 1
github.com/priscila-albertini-da-silva/item-detail-ml/internal/usecase/payment_method_usecase.go:34.2,35.28 2 1
github.com/priscila-albertini-da-silva/item-detail-ml/internal/usecase/product_detail_usecase.go:22.180,24.2 1 1
github.com/priscila-albertini-da-silva/item-detail-ml/internal/usecase/product_detail_usecase.go:26.114,30.16 3 1
github.com/priscila-albertini-da-silva/item-detail-ml/internal/usecase/product_detail_usecase.go:30.16,33.3 2 1
github.com/priscila-albertini-da-silva/item-detail-ml/internal/usecase/product_detail_usecase.go:34.2,34.20 1 1
github.com/priscila-albertini-da-silva/item-detail-ml/internal/usecase/product_detail_usecase.go:34.20,37.3 2 1
github.com/priscila-albertini-da-silva/item-detail-ml/internal/usecase/product_detail_usecase.go:39.2,40.16 2 1
github.com/priscila-albertini-da-silva/item-detail-ml/internal/usecase/product_detail_usecase.go:40.16,42.3 1 1
github.com/priscila-albertini-da-silva/item-detail-ml/internal/usecase/product_detail_usecase.go:44.2,45.96 2 1
github.com/priscila-albertini-da-silva/item-detail-ml/internal/usecase/product_detail_usecase.go:48.99,52.16 3 1
github.com/priscila-albertini-da-silva/item-detail-ml/internal/usecase/product_detail_usecase.go:52.16,55.3 2 1
github.com/priscila-albertini-da-silva/item-detail-ml/internal/usecase/product_detail_usecase.go:56.2,56.24 1 1
github.com/priscila-albertini-da-silva/item-detail-ml/internal/usecase/product_detail_usecase.go:56.24,59.3 2 1
github.com/priscila-albertini-da-silva/item-detail-ml/internal/usecase/product_detail_usecase.go:60.2,60.29 1 1
github.com/priscila-albertini-da-silva/item-detail-ml/internal/usecase/product_detail_usecase.go:60.29,61.39 1 1
github.com/priscila-albertini-da-silva/item-detail-ml/internal/usecase/product_detail_usecase.go:61.39,64.4 2 1
github.com/priscila-albertini-da-silva/item-detail-ml/internal/usecase/product_detail_usecase.go:67.2,68.17 2 1
github.com/priscila-albertini-da-silva/item-detail-ml/pkg/file_opener.go:14.62,16.2 1 0
github.com/priscila-albertini-da-silva/item-detail-ml/test/mocks/ItemProductResponseFactory.go:18.146,21.19 2 1
github.com/priscila-albertini-da-silva/item-detail-ml/test/mocks/ItemProductResponseFactory.go:21.19,22.65 1 0
github.com/priscila-albertini-da-silva/item-detail-ml/test/mocks/ItemProductResponseFactory.go:25.2,26.113 2 1
github.com/priscila-albertini-da-silva/item-detail-ml/test/mocks/ItemProductResponseFactory.go:26.113,28.3 1 0
github.com/priscila-albertini-da-silva/item-detail-ml/test/mocks/ItemProductResponseFactory.go:28.8,29.24 1 1
github.com/priscila-albertini-da-silva/item-detail-ml/test/mocks/ItemProductResponseFactory.go:29.24,31.4 1 1
github.com/priscila-albertini-da-silva/item-detail-ml/test/mocks/ItemProductResponseFactory.go:34.2,34.11 1 1
github.com/priscila-albertini-da-silva/item-detail-ml/test/mocks/ItemProductResponseFactory.go:42.34,46.19 3 0
github.com/priscila-albertini-da-silva/item-detail-ml/test/mocks/ItemProductResponseFactory.go:46.19,46.49 1 0
github.com/priscila-albertini-da-silva/item-detail-ml/test/mocks/ItemProductResponseFactory.go:48.2,48.13 1 0
github.com/priscila-albertini-da-silva/item-detail-ml/test/mocks/PaymentMethodRepository.go:16.77,19.19 2 1
github.com/priscila-albertini-da-silva/item-detail-ml/test/mocks/PaymentMethodRepository.go:19.19,20.48 1 0
github.com/priscila-albertini-da-silva/item-detail-ml/test/mocks/PaymentMethodRepository.go:23.2,25.71 3 1
github.com/priscila-albertini-da-silva/item-detail-ml/test/mocks/PaymentMethodRepository.go:25.71,27.3 1 0
github.com/priscila-albertini-da-silva/item-detail-ml/test/mocks/PaymentMethodRepository.go:28.2,28.62 1 1
github.com/priscila-albertini-da-silva/item-detail-ml/test/mocks/PaymentMethodRepository.go:28.62,30.3 1 0
github.com/priscila-albertini-da-silva/item-detail-ml/test/mocks/PaymentMethodRepository.go:30.8,31.24 1 1
github.com/priscila-albertini-da-silva/item-detail-ml/test/mocks/PaymentMethodRepository.go:31.24,33.4 1 1
github.com/priscila-albertini-da-silva/item-detail-ml/test/mocks/PaymentMethodRepository.go:36.2,36.45 1 1
github.com/priscila-albertini-da-silva/item-detail-ml/test/mocks/PaymentMethodRepository.go:36.45,38.3 1 0
github.com/priscila-albertini-da-silva/item-detail-ml/test/mocks/PaymentMethodRepository.go:38.8,40.3 1 1
github.com/priscila-albertini-da-silva/item-detail-ml/test/mocks/PaymentMethodRepository.go:42.2,42.15 1 1
github.com/priscila-albertini-da-silva/item-detail-ml/test/mocks/PaymentMethodRepository.go:50.29,54.19 3 0
github.com/priscila-albertini-da-silva/item-detail-ml/test/mocks/PaymentMethodRepository.go:54.19,54.49 1 0
github.com/priscila-albertini-da-silva/item-detail-ml/test/mocks/PaymentMethodRepository.go:56.2,56.13 1 0
github.com/priscila-albertini-da-silva/item-detail-ml/test/mocks/PaymentMethodUseCase.go:16.74,19.19 2 1
github.com/priscila-albertini-da-silva/item-detail-ml/test/mocks/PaymentMethodUseCase.go:19.19,20.48 1 0
github.com/priscila-albertini-da-silva/item-detail-ml/test/mocks/PaymentMethodUseCase.go:23.2,25.71 3 1
github.com/priscila-albertini-da-silva/item-detail-ml/test/mocks/PaymentMethodUseCase.go:25.71,27.3 1 0
github.com/priscila-albertini-da-silva/item-detail-ml/test/mocks/PaymentMethodUseCase.go:28.2,28.62 1 1
github.com/priscila-albertini-da-silva/item-detail-ml/test/mocks/PaymentMethodUseCase.go:28.62,30.3 1 0
github.com/priscila-albertini-da-silva/item-detail-ml/test/mocks/PaymentMethodUseCase.go:30.8,31.24 1 1
github.com/priscila-albertini-da-silva/item-detail-ml/test/mocks/PaymentMethodUseCase.go:31.24,33.4 1 1
github.com/priscila-albertini-da-silva/item-detail-ml/test/mocks/PaymentMethodUseCase.go:36.2,36.45 1 1
github.com/priscila-albertini-da-silva/item-detail-ml/test/mocks/PaymentMethodUseCase.go:36.45,38.3 1 0
github.com/priscila-albertini-da-silva/item-detail-ml/test/mocks/PaymentMethodUseCase.go:38.8,40.3 1 1
github.com/priscila-albertini-da-silva/item-detail-ml/test/mocks/PaymentMethodUseCase.go:42.2,42.15 1 1
github.com/priscila-albertini-da-silva/item-detail-ml/test/mocks/PaymentMethodUseCase.go:50.26,54.19 3 0
github.com/priscila-albertini-da-silva/item-detail-ml/test/mocks/PaymentMethodUseCase.go:54.19,54.49 1 0
github.com/priscila-albertini-da-silva/item-detail-ml/test/mocks/PaymentMethodUseCase.go:56.2,56.13 1 0
github.com/priscila-albertini-da-silva/item-detail-ml/test/mocks/ProductRepository.go:16.69,19.19 2 1
github.com/priscila-albertini-da-silva/item-detail-ml/test/mocks/ProductRepository.go:19.19,20.48 1 0
github.com/priscila-albertini-da-silva/item-detail-ml/test/mocks/ProductRepository.go:23.2,25.69 3 1
github.com/priscila-albertini-da-silva/item-detail-ml/test/mocks/ProductRepository.go:25.69,27.3 1 0
github.com/priscila-albertini-da-silva/item-detail-ml/test/mocks/ProductRepository.go:28.2,28.60 1 1
github.com/priscila-albertini-da-silva/item-detail-ml/test/mocks/ProductRepository.go:28.60,30.3 1 0
github.com/priscila-albertini-da-silva/item-detail-ml/test/mocks/ProductRepository.go:30.8,31.24 1 1
github.com/priscila-albertini-da-silva/item-detail-ml/test/mocks/ProductRepository.go:31.24,33.4 1 1
github.com/priscila-albertini-da-silva/item-detail-ml/test/mocks/ProductRepository.go:36.2,36.45 1 1
github.com/priscila-albertini-da-silva/item-detail-ml/test/mocks/ProductRepository.go:36.45,38.3 1 0
github.com/priscila-albertini-da-silva/item-detail-ml/test/mocks/ProductRepository.go:38.8,40.3 1 1
github.com/priscila-albertini-da-silva/item-detail-ml/test/mocks/ProductRepository.go:42.2,42.15 1 1
github.com/priscila-albertini-da-silva/item-detail-ml/test/mocks/ProductRepository.go:50.23,54.19 3 0
github.com/priscila-albertini-da-silva/item-detail-ml/test/mocks/ProductRepository.go:54.19,54.49 1 0
github.com/priscila-albertini-da-silva/item-detail-ml/test/mocks/ProductRepository.go:56.2,56.13 1 0
github.com/priscila-albertini-da-silva/item-detail-ml/test/mocks/ProductUseCase.go:18.72,21.19 2 0
github.com/priscila-albertini-da-silva/item-detail-ml/test/mocks/ProductUseCase.go:21.19,22.48 1 0
github.com/priscila-albertini-da-silva/item-detail-ml/test/mocks/ProductUseCase.go:25.2,27.69 3 0
github.com/priscila-albertini-da-silva/item-detail-ml/test/mocks/ProductUseCase.go:27.69,29.3 1 0
github.com/priscila-albertini-da-silva/item-detail-ml/test/mocks/ProductUseCase.go:30.2,30.60 1 0
github.com/priscila-albertini-da-silva/item-detail-ml/test/mocks/ProductUseCase.go:30.60,32.3 1 0
github.com/priscila-albertini-da-silva/item-detail-ml/test/mocks/ProductUseCase.go:32.8,33.24 1 0
github.com/priscila-albertini-da-silva/item-detail-ml/test/mocks/ProductUseCase.go:33.24,35.4 1 0
github.com/priscila-albertini-da-silva/item-detail-ml/test/mocks/ProductUseCase.go:38.2,38.45 1 0
github.com/priscila-albertini-da-silva/item-detail-ml/test/mocks/ProductUseCase.go:38.45,40.3 1 0
github.com/priscila-albertini-da-silva/item-detail-ml/test/mocks/ProductUseCase.go:40.8,42.3 1 0
github.com/priscila-albertini-da-silva/item-detail-ml/test/mocks/ProductUseCase.go:44.2,44.15 1 0
github.com/priscila-albertini-da-silva/item-detail-ml/test/mocks/ProductUseCase.go:48.95,51.19 2 0
github.com/priscila-albertini-da-silva/item-detail-ml/test/mocks/ProductUseCase.go:51.19,52.56 1 0
github.com/priscila-albertini-da-silva/item-detail-ml/test/mocks/ProductUseCase.go:55.2,57.74 3 0
github.com/priscila-albertini-da-silva/item-detail-ml/test/mocks/ProductUseCase.go:57.74,59.3 1 0
github.com/priscila-albertini-da-silva/item-detail-ml/test/mocks/ProductUseCase.go:60.2,60.65 1 0
github.com/priscila-albertini-da-silva/item-detail-ml/test/mocks/ProductUseCase.go:60.65,62.3 1 0
github.com/priscila-albertini-da-silva/item-detail-ml/test/mocks/ProductUseCase.go:62.8,63.24 1 0
github.com/priscila-albertini-da-silva/item-detail-ml/test/mocks/ProductUseCase.go:63.24,65.4 1 0
github.com/priscila-albertini-da-silva/item-detail-ml/test/mocks/ProductUseCase.go:68.2,68.51 1 0
github.com/priscila-albertini-da-silva/item-detail-ml/test/mocks/ProductUseCase.go:68.51,70.3 1 0
github.com/priscila-albertini-da-silva/item-detail-ml/test/mocks/ProductUseCase.go:70.8,72.3 1 0
github.com/priscila-albertini-da-silva/item-detail-ml/test/mocks/ProductUseCase.go:74.2,74.15 1 0
github.com/priscila-albertini-da-silva/item-detail-ml/test/mocks/ProductUseCase.go:78.110,81.19 2 0
github.com/priscila-albertini-da-silva/item-detail-ml/test/mocks/ProductUseCase.go:81.19,82.59 1 0
github.com/priscila-albertini-da-silva/item-detail-ml/test/mocks/ProductUseCase.go:85.2,87.86 3 0
github.com/priscila-albertini-da-silva/item-detail-ml/test/mocks/ProductUseCase.go:87.86,89.3 1 0
github.com/priscila-albertini-da-silva/item-detail-ml/test/mocks/ProductUseCase.go:90.2,90.77 1 0
github.com/priscila-albertini-da-silva/item-detail-ml/test/mocks/ProductUseCase.go:90.77,92.3 1 0
github.com/priscila-albertini-da-silva/item-detail-ml/test/mocks/ProductUseCase.go:92.8,93.24 1 0
github.com/priscila-albertini-da-silva/item-detail-ml/test/mocks/ProductUseCase.go:93.24,95.4 1 0
github.com/priscila-albertini-da-silva/item-detail-ml/test/mocks/ProductUseCase.go:98.2,98.51 1 0
github.com/priscila-albertini-da-silva/item-detail-ml/test/mocks/ProductUseCase.go:98.51,100.3 1 0
github.com/priscila-albertini-da-silva/item-detail-ml/test/mocks/ProductUseCase.go:100.8,102.3 1 0
github.com/priscila-albertini-da-silva/item-detail-ml/test/mocks/ProductUseCase.go:104.2,104.15 1 0
github.com/priscila-albertini-da-silva/item-detail-ml/test/mocks/ProductUseCase.go:112.26,116.19 3 0
github.com/priscila-albertini-da-silva/item-detail-ml/test/mocks/ProductUseCase.go:116.19,116.49 1 0
github.com/priscila-albertini-da-silva/item-detail-ml/test/mocks/ProductUseCase.go:118.2,118.13 1 0
github.com/priscila-albertini-da-silva/item-detail-ml/internal/factory/product_detail_factory.go:14.69,16.2 1 1
github.com/priscila-albertini-da-silva/item-detail-ml/internal/factory/product_detail_factory.go:18.145,33.61 1 1
github.com/priscila-albertini-da-silva/item-detail-ml/internal/factory/product_detail_factory.go:33.61,34.49 1 1
github.com/priscila-albertini-da-silva/item-detail-ml/internal/factory/product_detail_factory.go:34.49,36.6 1 1
github.com/priscila-albertini-da-silva/item-detail-ml/internal/factory/product_detail_factory.go:37.5,40.6 1 0
github.com/priscila-albertini-da-silva/item-detail-ml/internal/factory/product_detail_factory.go:43.52,44.27 1 1
github.com/priscila-albertini-da-silva/item-detail-ml/internal/factory/product_detail_factory.go:44.27,46.5 1 1
github.com/priscila-albertini-da-silva/item-detail-ml/internal/factory/product_detail_factory.go:47.4,48.32 2 0
github.com/priscila-albertini-da-silva/item-detail-ml/internal/factory/product_detail_factory.go:48.32,55.5 1 0
github.com/priscila-albertini-da-silva/item-detail-ml/internal/factory/product_detail_factory.go:56.4,56.18 1 0
github.com/priscila-albertini-da-silva/item-detail-ml/internal/factory/product_detail_factory.go:58.50,59.26 1 1
github.com/priscila-albertini-da-silva/item-detail-ml/internal/factory/product_detail_factory.go:59.26,61.5 1 1
github.com/priscila-albertini-da-silva/item-detail-ml/internal/factory/product_detail_factory.go:62.4,63.31 2 0
github.com/priscila-albertini-da-silva/item-detail-ml/internal/factory/product_detail_factory.go:63.31,69.5 1 0
github.com/priscila-albertini-da-silva/item-detail-ml/internal/factory/product_detail_factory.go:70.4,70.17 1 0
github.com/priscila-albertini-da-silva/item-detail-ml/internal/factory/product_detail_factory.go:72.58,73.30 1 1
github.com/priscila-albertini-da-silva/item-detail-ml/internal/factory/product_detail_factory.go:73.30,75.5 1 1
github.com/priscila-albertini-da-silva/item-detail-ml/internal/factory/product_detail_factory.go:76.4,77.39 2 0
github.com/priscila-albertini-da-silva/item-detail-ml/internal/factory/product_detail_factory.go:77.39,86.5 1 0
github.com/priscila-albertini-da-silva/item-detail-ml/internal/factory/product_detail_factory.go:87.4,87.21 1 0
github.com/priscila-albertini-da-silva/item-detail-ml/internal/factory/product_detail_factory.go:89.62,90.43 1 1
github.com/priscila-albertini-da-silva/item-detail-ml/internal/factory/product_detail_factory.go:90.43,92.5 1 1
github.com/priscila-albertini-da-silva/item-detail-ml/internal/factory/product_detail_factory.go:93.4,94.49 2 0
github.com/priscila-albertini-da-silva/item-detail-ml/internal/factory/product_detail_factory.go:94.49,102.5 1 0
github.com/priscila-albertini-da-silva/item-detail-ml/internal/factory/product_detail_factory.go:103.4,103.18 1 0
github.com/priscila-albertini-da-silva/item-detail-ml/internal/factory/product_detail_factory.go:111.59,112.20 1 1
github.com/priscila-albertini-da-silva/item-detail-ml/internal/factory/product_detail_factory.go:112.20,114.5 1 1
github.com/priscila-albertini-da-silva/item-detail-ml/internal/factory/product_detail_factory.go:115.4,116.30 2 0
github.com/priscila-albertini-da-silva/item-detail-ml/internal/factory/product_detail_factory.go:116.30,122.5 1 0
github.com/priscila-albertini-da-silva/item-detail-ml/internal/factory/product_detail_factory.go:123.4,123.25 1 0
github.com/priscila-albertini-da-silva/item-detail-ml/internal/handler/health_handler.go:15.34,17.2 1 0
github.com/priscila-albertini-da-silva/item-detail-ml/internal/handler/product_handler.go:15.79,17.2 1 1
github.com/priscila-albertini-da-silva/item-detail-ml/internal/handler/product_handler.go:29.66,31.14 2 1
github.com/priscila-albertini-da-silva/item-detail-ml/internal/handler/product_handler.go:31.14,34.3 2 1
github.com/priscila-albertini-da-silva/item-detail-ml/internal/handler/product_handler.go:36.2,37.16 2 1
github.com/priscila-albertini-da-silva/item-detail-ml/internal/handler/product_handler.go:37.16,40.3 2 1
github.com/priscila-albertini-da-silva/item-detail-ml/internal/handler/product_handler.go:42.2,42.27 1 1
github.com/priscila-albertini-da-silva/item-detail-ml/internal/handler/product_handler.go:42.27,45.3 2 1
github.com/priscila-albertini-da-silva/item-detail-ml/internal/handler/product_handler.go:47.2,47.57 1 1
github.com/priscila-albertini-da-silva/item-detail-ml/internal/repository/payment_method_repository.go:22.74,24.2 1 1
github.com/priscila-albertini-da-silva/item-detail-ml/internal/repository/payment_method_repository.go:26.107,31.2 1 0
github.com/priscila-albertini-da-silva/item-detail-ml/internal/repository/payment_method_repository.go:33.76,36.16 3 1
github.com/priscila-albertini-da-silva/item-detail-ml/internal/repository/payment_method_repository.go:36.16,39.3 2 1
github.com/priscila-albertini-da-silva/item-detail-ml/internal/repository/payment_method_repository.go:40.2,43.16 3 0
github.com/priscila-albertini-da-silva/item-detail-ml/internal/repository/payment_method_repository.go:43.16,46.3 2 0
github.com/priscila-albertini-da-silva/item-detail-ml/internal/repository/payment_method_repository.go:48.2,49.63 2 0
github.com/priscila-albertini-da-silva/item-detail-ml/internal/repository/payment_method_repository.go:49.63,52.3 2 0
github.com/priscila-albertini-da-silva/item-detail-ml/internal/repository/payment_method_repository.go:53.2,53.28 1 0
github.com/priscila-albertini-da-silva/item-detail-ml/internal/repository/product_item_repository.go:22.66,27.2 1 1
github.com/priscila-albertini-da-silva/item-detail-ml/internal/repository/product_item_repository.go:29.99,34.2 1 0
github.com/priscila-albertini-da-silva/item-detail-ml/internal/repository/product_item_repository.go:36.72,39.16 3 1
github.com/priscila-albertini-da-silva/item-detail-ml/internal/repository/product_item_repository.go:39.16,42.3 2 0
github.com/priscila-albertini-da-silva/item-detail-ml/internal/repository/product_item_repository.go:43.2,46.16 3 1
github.com/priscila-albertini-da-silva/item-detail-ml/internal/repository/product_item_repository.go:46.16,49.3 2 0
github.com/priscila-albertini-da-silva/item-detail-ml/internal/repository/product_item_repository.go:51.2,52.57 2 1
github.com/priscila-albertini-da-silva/item-detail-ml/internal/repository/product_item_repository.go:52.57,55.3 2 1
github.com/priscila-albertini-da-silva/item-detail-ml/internal/repository/product_item_repository.go:56.2,56.22 1 1
github.com/priscila-albertini-da-silva/item-detail-ml/internal/usecase/payment_method_usecase.go:17.93,19.2 1 1
github.com/priscila-albertini-da-silva/item-detail-ml/internal/usecase/payment_method_usecase.go:21.74,25.16 3 1
github.com/priscila-albertini-da-silva/item-detail-ml/internal/usecase/payment_method_usecase.go:25.16,28.3 2 1
github.com/priscila-albertini-da-silva/item-detail-ml/internal/usecase/payment_method_usecase.go:30.2,30.30 1 0
github.com/priscila-albertini-da-silva/item-detail-ml/internal/usecase/payment_method_usecase.go:30.30,33.3 2 0
github.com/priscila-albertini-da-silva/item-detail-ml/internal/usecase/payment_method_usecase.go:34.2,35.28 2 0
github.com/priscila-albertini-da-silva/item-detail-ml/internal/usecase/product_detail_usecase.go:22.180,24.2 1 1
github.com/priscila-albertini-da-silva/item-detail-ml/internal/usecase/product_detail_usecase.go:26.114,30.16 3 1
github.com/priscila-albertini-da-silva/item-detail-ml/internal/usecase/product_detail_usecase.go:30.16,33.3 2 1
github.com/priscila-albertini-da-silva/item-detail-ml/internal/usecase/product_detail_usecase.go:34.2,34.20 1 1
github.com/priscila-albertini-da-silva/item-detail-ml/internal/usecase/product_detail_usecase.go:34.20,37.3 2 1
github.com/priscila-albertini-da-silva/item-detail-ml/internal/usecase/product_detail_usecase.go:39.2,40.16 2 1
github.com/priscila-albertini-da-silva/item-detail-ml/internal/usecase/product_detail_usecase.go:40.16,42.3 1 1
github.com/priscila-albertini-da-silva/item-detail-ml/internal/usecase/product_detail_usecase.go:44.2,45.96 2 1
github.com/priscila-albertini-da-silva/item-detail-ml/internal/usecase/product_detail_usecase.go:48.99,52.16 3 1
github.com/priscila-albertini-da-silva/item-detail-ml/internal/usecase/product_detail_usecase.go:52.16,55.3 2 1
github.com/priscila-albertini-da-silva/item-detail-ml/internal/usecase/product_detail_usecase.go:56.2,56.24 1 1
github.com/priscila-albertini-da-silva/item-detail-ml/internal/usecase/product_detail_usecase.go:56.24,59.3 2 0
github.com/priscila-albertini-da-silva/item-detail-ml/internal/usecase/product_detail_usecase.go:60.2,60.29 1 1
github.com/priscila-albertini-da-silva/item-detail-ml/internal/usecase/product_detail_usecase.go:60.29,61.39 1 1
github.com/priscila-albertini-da-silva/item-detail-ml/internal/usecase/product_detail_usecase.go:61.39,64.4 2 1
github.com/priscila-albertini-da-silva/item-detail-ml/internal/usecase/product_detail_usecase.go:67.2,68.17 2 1
github.com/priscila-albertini-da-silva/item-detail-ml/pkg/file_opener.go:14.62,16.2 1 1
github.com/priscila-albertini-da-silva/item-detail-ml/internal/repository/payment_method_repository.go:22.74,24.2 1 1
github.com/priscila-albertini-da-silva/item-detail-ml/internal/repository/payment_method_repository.go:26.107,31.2 1 1
github.com/priscila-albertini-da-silva/item-detail-ml/internal/repository/payment_method_repository.go:33.76,36.16 3 1
github.com/priscila-albertini-da-silva/item-detail-ml/internal/repository/payment_method_repository.go:36.16,39.3 2 1
github.com/priscila-albertini-da-silva/item-detail-ml/internal/repository/payment_method_repository.go:40.2,43.16 3 1
github.com/priscila-albertini-da-silva/item-detail-ml/internal/repository/payment_method_repository.go:43.16,46.3 2 1
github.com/priscila-albertini-da-silva/item-detail-ml/internal/repository/payment_method_repository.go:48.2,49.63 2 1
github.com/priscila-albertini-da-silva/item-detail-ml/internal/repository/payment_method_repository.go:49.63,52.3 2 1
github.com/priscila-albertini-da-silva/item-detail-ml/internal/repository/payment_method_repository.go:53.2,53.28 1 1
github.com/priscila-albertini-da-silva/item-detail-ml/internal/repository/product_item_repository.go:22.66,27.2 1 1
github.com/priscila-albertini-da-silva/item-detail-ml/internal/repository/product_item_repository.go:29.99,34.2 1 1
github.com/priscila-albertini-da-silva/item-detail-ml/internal/repository/product_item_repository.go:36.72,39.16 3 1
github.com/priscila-albertini-da-silva/item-detail-ml/internal/repository/product_item_repository.go:39.16,42.3 2 1
github.com/priscila-albertini-da-silva/item-detail-ml/internal/repository/product_item_repository.go:43.2,46.16 3 1
github.com/priscila-albertini-da-silva/item-detail-ml/internal/repository/product_item_repository.go:46.16,49.3 2 1
github.com/priscila-albertini-da-silva/item-detail-ml/internal/repository/product_item_repository.go:51.2,52.57 2 1
github.com/priscila-albertini-da-silva/item-detail-ml/internal/repository/product_item_repository.go:52.57,55.3 2 1
github.com/priscila-albertini-da-silva/item-detail-ml/internal/repository/product_item_repository.go:56.2,56.22 1 1
github.com/priscila-albertini-da-silva/item-detail-ml/pkg/file_opener.go:14.62,16.2 1 1
github.com/priscila-albertini-da-silva/item-detail-ml/test/unit/internal/repository/file_opener_mock.go:13.67,14.18 1 1
github.com/priscila-albertini-da-silva/item-detail-ml/test/unit/internal/repository/file_opener_mock.go:14.18,16.3 1 0
github.com/priscila-albertini-da-silva/item-detail-ml/test/unit/internal/repository/file_opener_mock.go:17.2,17.36 1 1
github.com/priscila-albertini-da-silva/item-detail-ml/test/unit/internal/repository/file_opener_mock.go:22.48,24.2 1 1
github.com/priscila-albertini-da-silva/item-detail-ml/internal/factory/product_detail_factory.go:14.69,16.2 1 0
github.com/priscila-albertini-da-silva/item-detail-ml/internal/factory/product_detail_factory.go:18.145,33.61 1 0
github.com/priscila-albertini-da-silva/item-detail-ml/internal/factory/product_detail_factory.go:33.61,34.49 1 0
github.com/priscila-albertini-da-silva/item-detail-ml/internal/factory/product_detail_factory.go:34.49,36.6 1 0
github.com/priscila-albertini-da-silva/item-detail-ml/internal/factory/product_detail_factory.go:37.5,40.6 1 0
github.com/priscila-albertini-da-silva/item-detail-ml/internal/factory/product_detail_factory.go:43.52,44.27 1 0
github.com/priscila-albertini-da-silva/item-detail-ml/internal/factory/product_detail_factory.go:44.27,46.5 1 0
github.com/priscila-albertini-da-silva/item-detail-ml/internal/factory/product_detail_factory.go:47.4,48.32 2 0
github.com/priscila-albertini-da-silva/item-detail-ml/internal/factory/product_detail_factory.go:48.32,55.5 1 0
github.com/priscila-albertini-da-silva/item-detail-ml/internal/factory/product_detail_factory.go:56.4,56.18 1 0
github.com/priscila-albertini-da-silva/item-detail-ml/internal/factory/product_detail_factory.go:58.50,59.26 1 0
github.com/priscila-albertini-da-silva/item-detail-ml/internal/factory/product_detail_factory.go:59.26,61.5 1 0
github.com/priscila-albertini-da-silva/item-detail-ml/internal/factory/product_detail_factory.go:62.4,63.31 2 0
github.com/priscila-albertini-da-silva/item-detail-ml/internal/factory/product_detail_factory.go:63.31,69.5 1 0
github.com/priscila-albertini-da-silva/item-detail-ml/internal/factory/product_detail_factory.go:70.4,70.17 1 0
github.com/priscila-albertini-da-silva/item-detail-ml/internal/factory/product_detail_factory.go:72.58,73.30 1 0
github.com/priscila-albertini-da-silva/item-detail-ml/internal/factory/product_detail_factory.go:73.30,75.5 1 0
github.com/priscila-albertini-da-silva/item-detail-ml/internal/factory/product_detail_factory.go:76.4,77.39 2 0
github.com/priscila-albertini-da-silva/item-detail-ml/internal/factory/product_detail_factory.go:77.39,86.5 1 0
github.com/priscila-albertini-da-silva/item-detail-ml/internal/factory/product_detail_factory.go:87.4,87.21 1 0
github.com/priscila-albertini-da-silva/item-detail-ml/internal/factory/product_detail_factory.go:89.62,90.43 1 0
github.com/priscila-albertini-da-silva/item-detail-ml/internal/factory/product_detail_factory.go:90.43,92.5 1 0
github.com/priscila-albertini-da-silva/item-detail-ml/internal/factory/product_detail_factory.go:93.4,94.49 2 0
github.com/priscila-albertini-da-silva/item-detail-ml/internal/factory/product_detail_factory.go:94.49,102.5 1 0
github.com/priscila-albertini-da-silva/item-detail-ml/internal/factory/product_detail_factory.go:103.4,103.18 1 0
github.com/priscila-albertini-da-silva/item-detail-ml/internal/factory/product_detail_factory.go:111.59,112.20 1 0
github.com/priscila-albertini-da-silva/item-detail-ml/internal/factory/product_detail_factory.go:112.20,114.5 1 0
github.com/priscila-albertini-da-silva/item-detail-ml/internal/factory/product_detail_factory.go:115.4,116.30 2 0
github.com/priscila-albertini-da-silva/item-detail-ml/internal/factory/product_detail_factory.go:116.30,122.5 1 0
github.com/priscila-albertini-da-silva/item-detail-ml/internal/factory/product_detail_factory.go:123.4,123.25 1 0
github.com/priscila-albertini-da-silva/item-detail-ml/internal/handler/health_handler.go:15.34,17.2 1 1
github.com/priscila-albertini-da-silva/item-detail-ml/internal/handler/product_handler.go:15.79,17.2 1 1
github.com/priscila-albertini-da-silva/item-detail-ml/internal/handler/product_handler.go:29.66,31.14 2 1
github.com/priscila-albertini-da-silva/item-detail-ml/internal/handler/product_handler.go:31.14,34.3 2 1
github.com/priscila-albertini-da-silva/item-detail-ml/internal/handler/product_handler.go:36.2,37.16 2 1
github.com/priscila-albertini-da-silva/item-detail-ml/internal/handler/product_handler.go:37.16,40.3 2 1
github.com/priscila-albertini-da-silva/item-detail-ml/internal/handler/product_handler.go:42.2,42.27 1 1
github.com/priscila-albertini-da-silva/item-detail-ml/internal/handler/product_handler.go:42.27,45.3 2 1
github.com/priscila-albertini-da-silva/item-detail-ml/internal/handler/product_handler.go:47.2,47.57 1 1
github.com/priscila-albertini-da-silva/item-detail-ml/internal/repository/payment_method_repository.go:22.74,24.2 1 0
github.com/priscila-albertini-da-silva/item-detail-ml/internal/repository/payment_method_repository.go:26.107,31.2 1 0
github.com/priscila-albertini-da-silva/item-detail-ml/internal/repository/payment_method_repository.go:33.76,36.16 3 0
github.com/priscila-albertini-da-silva/item-detail-ml/internal/repository/payment_method_repository.go:36.16,39.3 2 0
github.com/priscila-albertini-da-silva/item-detail-ml/internal/repository/payment_method_repository.go:40.2,43.16 3 0
github.com/priscila-albertini-da-silva/item-detail-ml/internal/repository/payment_method_repository.go:43.16,46.3 2 0
github.com/priscila-albertini-da-silva/item-detail-ml/internal/repository/payment_method_repository.go:48.2,49.63 2 0
github.com/priscila-albertini-da-silva/item-detail-ml/internal/repository/payment_method_repository.go:49.63,52.3 2 0
github.com/priscila-albertini-da-silva/item-detail-ml/internal/repository/payment_method_repository.go:53.2,53.28 1 0
github.com/priscila-albertini-da-silva/item-detail-ml/internal/repository/product_item_repository.go:22.66,27.2 1 0
github.com/priscila-albertini-da-silva/item-detail-ml/internal/repository/product_item_repository.go:29.99,34.2 1 0
github.com/priscila-albertini-da-silva/item-detail-ml/internal/repository/product_item_repository.go:36.72,39.16 3 0
github.com/priscila-albertini-da-silva/item-detail-ml/internal/repository/product_item_repository.go:39.16,42.3 2 0
github.com/priscila-albertini-da-silva/item-detail-ml/internal/repository/product_item_repository.go:43.2,46.16 3 0
github.com/priscila-albertini-da-silva/item-detail-ml/internal/repository/product_item_repository.go:46.16,49.3 2 0
github.com/priscila-albertini-da-silva/item-detail-ml/internal/repository/product_item_repository.go:51.2,52.57 2 0
github.com/priscila-albertini-da-silva/item-detail-ml/internal/repository/product_item_repository.go:52.57,55.3 2 0
github.com/priscila-albertini-da-silva/item-detail-ml/internal/repository/product_item_repository.go:56.2,56.22 1 0
github.com/priscila-albertini-da-silva/item-detail-ml/internal/usecase/payment_method_usecase.go:17.93,19.2 1 0
github.com/priscila-albertini-da-silva/item-detail-ml/internal/usecase/payment_method_usecase.go:21.74,25.16 3 0
github.com/priscila-albertini-da-silva/item-detail-ml/internal/usecase/payment_method_usecase.go:25.16,28.3 2 0
github.com/priscila-albertini-da-silva/item-detail-ml/internal/usecase/payment_method_usecase.go:30.2,30.30 1 0
github.com/priscila-albertini-da-silva/item-detail-ml/internal/usecase/payment_method_usecase.go:30.30,33.3 2 0
github.com/priscila-albertini-da-silva/item-detail-ml/internal/usecase/payment_method_usecase.go:34.2,35.28 2 0
github.com/priscila-albertini-da-silva/item-detail-ml/internal/usecase/product_detail_usecase.go:22.180,24.2 1 0
github.com/priscila-albertini-da-silva/item-detail-ml/internal/usecase/product_detail_usecase.go:26.114,30.16 3 0
github.com/priscila-albertini-da-silva/item-detail-ml/internal/usecase/product_detail_usecase.go:30.16,33.3 2 0
github.com/priscila-albertini-da-silva/item-detail-ml/internal/usecase/product_detail_usecase.go:34.2,34.20 1 0
github.com/priscila-albertini-da-silva/item-detail-ml/internal/usecase/product_detail_usecase.go:34.20,37.3 2 0
github.com/priscila-albertini-da-silva/item-detail-ml/internal/usecase/product_detail_usecase.go:39.2,40.16 2 0
github.com/priscila-albertini-da-silva/item-detail-ml/internal/usecase/product_detail_usecase.go:40.16,42.3 1 0
github.com/priscila-albertini-da-silva/item-detail-ml/internal/usecase/product_detail_usecase.go:44.2,45.96 2 0
github.com/priscila-albertini-da-silva/item-detail-ml/internal/usecase/product_detail_usecase.go:48.99,52.16 3 0
github.com/priscila-albertini-da-silva/item-detail-ml/internal/usecase/product_detail_usecase.go:52.16,55.3 2 0
github.com/priscila-albertini-da-silva/item-detail-ml/internal/usecase/product_detail_usecase.go:56.2,56.24 1 0
github.com/priscila-albertini-da-silva/item-detail-ml/internal/usecase/product_detail_usecase.go:56.24,59.3 2 0
github.com/priscila-albertini-da-silva/item-detail-ml/internal/usecase/product_detail_usecase.go:60.2,60.29 1 0
github.com/priscila-albertini-da-silva/item-detail-ml/internal/usecase/product_detail_usecase.go:60.29,61.39 1 0
github.com/priscila-albertini-da-silva/item-detail-ml/internal/usecase/product_detail_usecase.go:61.39,64.4 2 0
github.com/priscila-albertini-da-silva/item-detail-ml/internal/usecase/product_detail_usecase.go:67.2,68.17 2 0
github.com/priscila-albertini-da-silva/item-detail-ml/pkg/file_opener.go:14.62,16.2 1 0
github.com/priscila-albertini-da-silva/item-detail-ml/test/mocks/ItemProductResponseFactory.go:18.146,21.19 2 0
github.com/priscila-albertini-da-silva/item-detail-ml/test/mocks/ItemProductResponseFactory.go:21.19,22.65 1 0
github.com/priscila-albertini-da-silva/item-detail-ml/test/mocks/ItemProductResponseFactory.go:25.2,26.113 2 0
github.com/priscila-albertini-da-silva/item-detail-ml/test/mocks/ItemProductResponseFactory.go:26.113,28.3 1 0
github.com/priscila-albertini-da-silva/item-detail-ml/test/mocks/ItemProductResponseFactory.go:28.8,29.24 1 0
github.com/priscila-albertini-da-silva/item-detail-ml/test/mocks/ItemProductResponseFactory.go:29.24,31.4 1 0
github.com/priscila-albertini-da-silva/item-detail-ml/test/mocks/ItemProductResponseFactory.go:34.2,34.11 1 0
github.com/priscila-albertini-da-silva/item-detail-ml/test/mocks/ItemProductResponseFactory.go:42.34,46.19 3 0
github.com/priscila-albertini-da-silva/item-detail-ml/test/mocks/ItemProductResponseFactory.go:46.19,46.49 1 0
github.com/priscila-albertini-da-silva/item-detail-ml/test/mocks/ItemProductResponseFactory.go:48.2,48.13 1 0
github.com/priscila-albertini-da-silva/item-detail-ml/test/mocks/PaymentMethodRepository.go:16.77,19.19 2 0
github.com/priscila-albertini-da-silva/item-detail-ml/test/mocks/PaymentMethodRepository.go:19.19,20.48 1 0
github.com/priscila-albertini-da-silva/item-detail-ml/test/mocks/PaymentMethodRepository.go:23.2,25.71 3 0
github.com/priscila-albertini-da-silva/item-detail-ml/test/mocks/PaymentMethodRepository.go:25.71,27.3 1 0
github.com/priscila-albertini-da-silva/item-detail-ml/test/mocks/PaymentMethodRepository.go:28.2,28.62 1 0
github.com/priscila-albertini-da-silva/item-detail-ml/test/mocks/PaymentMethodRepository.go:28.62,30.3 1 0
github.com/priscila-albertini-da-silva/item-detail-ml/test/mocks/PaymentMethodRepository.go:30.8,31.24 1 0
github.com/priscila-albertini-da-silva/item-detail-ml/test/mocks/PaymentMethodRepository.go:31.24,33.4 1 0
github.com/priscila-albertini-da-silva/item-detail-ml/test/mocks/PaymentMethodRepository.go:36.2,36.45 1 0
github.com/priscila-albertini-da-silva/item-detail-ml/test/mocks/PaymentMethodRepository.go:36.45,38.3 1 0
github.com/priscila-albertini-da-silva/item-detail-ml/test/mocks/PaymentMethodRepository.go:38.8,40.3 1 0
github.com/priscila-albertini-da-silva/item-detail-ml/test/mocks/PaymentMethodRepository.go:42.2,42.15 1 0
github.com/priscila-albertini-da-silva/item-detail-ml/test/mocks/PaymentMethodRepository.go:50.29,54.19 3 0
github.com/priscila-albertini-da-silva/item-detail-ml/test/mocks/PaymentMethodRepository.go:54.19,54.49 1 0
github.com/priscila-albertini-da-silva/item-detail-ml/test/mocks/PaymentMethodRepository.go:56.2,56.13 1 0
github.com/priscila-albertini-da-silva/item-detail-ml/test/mocks/PaymentMethodUseCase.go:16.74,19.19 2 0
github.com/priscila-albertini-da-silva/item-detail-ml/test/mocks/PaymentMethodUseCase.go:19.19,20.48 1 0
github.com/priscila-albertini-da-silva/item-detail-ml/test/mocks/PaymentMethodUseCase.go:23.2,25.71 3 0
github.com/priscila-albertini-da-silva/item-detail-ml/test/mocks/PaymentMethodUseCase.go:25.71,27.3 1 0
github.com/priscila-albertini-da-silva/item-detail-ml/test/mocks/PaymentMethodUseCase.go:28.2,28.62 1 0
github.com/priscila-albertini-da-silva/item-detail-ml/test/mocks/PaymentMethodUseCase.go:28.62,30.3 1 0
github.com/priscila-albertini-da-silva/item-detail-ml/test/mocks/PaymentMethodUseCase.go:30.8,31.24 1 0
github.com/priscila-albertini-da-silva/item-detail-ml/test/mocks/PaymentMethodUseCase.go:31.24,33.4 1 0
github.com/priscila-albertini-da-silva/item-detail-ml/test/mocks/PaymentMethodUseCase.go:36.2,36.45 1 0
github.com/priscila-albertini-da-silva/item-detail-ml/test/mocks/PaymentMethodUseCase.go:36.45,38.3 1 0
github.com/priscila-albertini-da-silva/item-detail-ml/test/mocks/PaymentMethodUseCase.go:38.8,40.3 1 0
github.com/priscila-albertini-da-silva/item-detail-ml/test/mocks/PaymentMethodUseCase.go:42.2,42.15 1 0
github.com/priscila-albertini-da-silva/item-detail-ml/test/mocks/PaymentMethodUseCase.go:50.26,54.19 3 0
github.com/priscila-albertini-da-silva/item-detail-ml/test/mocks/PaymentMethodUseCase.go:54.19,54.49 1 0
github.com/priscila-albertini-da-silva/item-detail-ml/test/mocks/PaymentMethodUseCase.go:56.2,56.13 1 0
github.com/priscila-albertini-da-silva/item-detail-ml/test/mocks/ProductRepository.go:16.69,19.19 2 0
github.com/priscila-albertini-da-silva/item-detail-ml/test/mocks/ProductRepository.go:19.19,20.48 1 0
github.com/priscila-albertini-da-silva/item-detail-ml/test/mocks/ProductRepository.go:23.2,25.69 3 0
github.com/priscila-albertini-da-silva/item-detail-ml/test/mocks/ProductRepository.go:25.69,27.3 1 0
github.com/priscila-albertini-da-silva/item-detail-ml/test/mocks/ProductRepository.go:28.2,28.60 1 0
github.com/priscila-albertini-da-silva/item-detail-ml/test/mocks/ProductRepository.go:28.60,30.3 1 0
github.com/priscila-albertini-da-silva/item-detail-ml/test/mocks/ProductRepository.go:30.8,31.24 1 0
github.com/priscila-albertini-da-silva/item-detail-ml/test/mocks/ProductRepository.go:31.24,33.4 1 0
github.com/priscila-albertini-da-silva/item-detail-ml/test/mocks/ProductRepository.go:36.2,36.45 1 0
github.com/priscila-albertini-da-silva/item-detail-ml/test/mocks/ProductRepository.go:36.45,38.3 1 0
github.com/priscila-albertini-da-silva/item-detail-ml/test/mocks/ProductRepository.go:38.8,40.3 1 0
github.com/priscila-albertini-da-silva/item-detail-ml/test/mocks/ProductRepository.go:42.2,42.15 1 0
github.com/priscila-albertini-da-silva/item-detail-ml/test/mocks/ProductRepository.go:50.23,54.19 3 0
github.com/priscila-albertini-da-silva/item-detail-ml/test/mocks/ProductRepository.go:54.19,54.49 1 0
github.com/priscila-albertini-da-silva/item-detail-ml/test/mocks/ProductRepository.go:56.2,56.13 1 0
github.com/priscila-albertini-da-silva/item-detail-ml/test/mocks/ProductUseCase.go:18.72,21.19 2 0
github.com/priscila-albertini-da-silva/item-detail-ml/test/mocks/ProductUseCase.go:21.19,22.48 1 0
github.com/priscila-albertini-da-silva/item-detail-ml/test/mocks/ProductUseCase.go:25.2,27.69 3 0
github.com/priscila-albertini-da-silva/item-detail-ml/test/mocks/ProductUseCase.go:27.69,29.3 1 0
github.com/priscila-albertini-da-silva/item-detail-ml/test/mocks/ProductUseCase.go:30.2,30.60 1 0
github.com/priscila-albertini-da-silva/item-detail-ml/test/mocks/ProductUseCase.go:30.60,32.3 1 0
github.com/priscila-albertini-da-silva/item-detail-ml/test/mocks/ProductUseCase.go:32.8,33.24 1 0
github.com/priscila-albertini-da-silva/item-detail-ml/test/mocks/ProductUseCase.go:33.24,35.4 1 0
github.com/priscila-albertini-da-silva/item-detail-ml/test/mocks/ProductUseCase.go:38.2,38.45 1 0
github.com/priscila-albertini-da-silva/item-detail-ml/test/mocks/ProductUseCase.go:38.45,40.3 1 0
github.com/priscila-albertini-da-silva/item-detail-ml/test/mocks/ProductUseCase.go:40.8,42.3 1 0
github.com/priscila-albertini-da-silva/item-detail-ml/test/mocks/ProductUseCase.go:44.2,44.15 1 0
github.com/priscila-albertini-da-silva/item-detail-ml/test/mocks/ProductUseCase.go:48.95,51.19 2 0
github.com/priscila-albertini-da-silva/item-detail-ml/test/mocks/ProductUseCase.go:51.19,52.56 1 0
github.com/priscila-albertini-da-silva/item-detail-ml/test/mocks/ProductUseCase.go:55.2,57.74 3 0
github.com/priscila-albertini-da-silva/item-detail-ml/test/mocks/ProductUseCase.go:57.74,59.3 1 0
github.com/priscila-albertini-da-silva/item-detail-ml/test/mocks/ProductUseCase.go:60.2,60.65 1 0
github.com/priscila-albertini-da-silva/item-detail-ml/test/mocks/ProductUseCase.go:60.65,62.3 1 0
github.com/priscila-albertini-da-silva/item-detail-ml/test/mocks/ProductUseCase.go:62.8,63.24 1 0
github.com/priscila-albertini-da-silva/item-detail-ml/test/mocks/ProductUseCase.go:63.24,65.4 1 0
github.com/priscila-albertini-da-silva/item-detail-ml/test/mocks/ProductUseCase.go:68.2,68.51 1 0
github.com/priscila-albertini-da-silva/item-detail-ml/test/mocks/ProductUseCase.go:68.51,70.3 1 0
github.com/priscila-albertini-da-silva/item-detail-ml/test/mocks/ProductUseCase.go:70.8,72.3 1 0
github.com/priscila-albertini-da-silva/item-detail-ml/test/mocks/ProductUseCase.go:74.2,74.15 1 0
github.com/priscila-albertini-da-silva/item-detail-ml/test/mocks/ProductUseCase.go:78.110,81.19 2 1
github.com/priscila-albertini-da-silva/item-detail-ml/test/mocks/ProductUseCase.go:81.19,82.59 1 0
github.com/priscila-albertini-da-silva/item-detail-ml/test/mocks/ProductUseCase.go:85.2,87.86 3 1
github.com/priscila-albertini-da-silva/item-detail-ml/test/mocks/ProductUseCase.go:87.86,89.3 1 0
github.com/priscila-albertini-da-silva/item-detail-ml/test/mocks/ProductUseCase.go:90.2,90.77 1 1
github.com/priscila-albertini-da-silva/item-detail-ml/test/mocks/ProductUseCase.go:90.77,92.3 1 0
github.com/priscila-albertini-da-silva/item-detail-ml/test/mocks/ProductUseCase.go:92.8,93.24 1 1
github.com/priscila-albertini-da-silva/item-detail-ml/test/mocks/ProductUseCase.go:93.24,95.4 1 1
github.com/priscila-albertini-da-silva/item-detail-ml/test/mocks/ProductUseCase.go:98.2,98.51 1 1
github.com/priscila-albertini-da-silva/item-detail-ml/test/mocks/ProductUseCase.go:98.51,100.3 1 0
github.com/priscila-albertini-da-silva/item-detail-ml/test/mocks/ProductUseCase.go:100.8,102.3 1 1
github.com/priscila-albertini-da-silva/item-detail-ml/test/mocks/ProductUseCase.go:104.2,104.15 1 1
github.com/priscila-albertini-da-silva/item-detail-ml/test/mocks/ProductUseCase.go:112.26,116.19 3 0
github.com/priscila-albertini-da-silva/item-detail-ml/test/mocks/ProductUseCase.go:116.19,116.49 1 0
github.com/priscila-albertini-da-silva/item-detail-ml/test/mocks/ProductUseCase.go:118.2,118.13 1 0
